[debug] [2022-06-17T14:25:35.320Z] ----------------------------------------------------------------------
[debug] [2022-06-17T14:25:35.328Z] Command:       C:\Program Files\nodejs\node.exe C:\Users\shaon\AppData\Roaming\npm\node_modules\firebase-tools\lib\bin\firebase.js deploy
[debug] [2022-06-17T14:25:35.330Z] CLI Version:   11.0.1
[debug] [2022-06-17T14:25:35.330Z] Platform:      win32
[debug] [2022-06-17T14:25:35.331Z] Node Version:  v16.14.2
[debug] [2022-06-17T14:25:35.335Z] Time:          Fri Jun 17 2022 20:25:35 GMT+0600 (Bangladesh Standard Time)
[debug] [2022-06-17T14:25:35.336Z] ----------------------------------------------------------------------
[debug] 
[debug] [2022-06-17T14:25:35.663Z] > command requires scopes: ["email","openid","https://www.googleapis.com/auth/cloudplatformprojects.readonly","https://www.googleapis.com/auth/firebase","https://www.googleapis.com/auth/cloud-platform"]
[debug] [2022-06-17T14:25:35.665Z] > authorizing via signed-in user (ashiqur.dream@gmail.com)
[debug] [2022-06-17T14:25:35.665Z] [iam] checking project elite-a1384 for permissions ["firebase.projects.get","firebasehosting.sites.update"]
[debug] [2022-06-17T14:25:35.676Z] >>> [apiv2][query] POST https://cloudresourcemanager.googleapis.com/v1/projects/elite-a1384:testIamPermissions [none]
[debug] [2022-06-17T14:25:35.678Z] >>> [apiv2][body] POST https://cloudresourcemanager.googleapis.com/v1/projects/elite-a1384:testIamPermissions {"permissions":["firebase.projects.get","firebasehosting.sites.update"]}
[debug] [2022-06-17T14:25:37.407Z] <<< [apiv2][status] POST https://cloudresourcemanager.googleapis.com/v1/projects/elite-a1384:testIamPermissions 200
[debug] [2022-06-17T14:25:37.408Z] <<< [apiv2][body] POST https://cloudresourcemanager.googleapis.com/v1/projects/elite-a1384:testIamPermissions {"permissions":["firebase.projects.get","firebasehosting.sites.update"]}
[debug] [2022-06-17T14:25:37.411Z] >>> [apiv2][query] GET https://firebase.googleapis.com/v1beta1/projects/elite-a1384 [none]
[debug] [2022-06-17T14:25:37.917Z] <<< [apiv2][status] GET https://firebase.googleapis.com/v1beta1/projects/elite-a1384 200
[debug] [2022-06-17T14:25:37.918Z] <<< [apiv2][body] GET https://firebase.googleapis.com/v1beta1/projects/elite-a1384 {"projectId":"elite-a1384","projectNumber":"87383990721","displayName":"elite","name":"projects/elite-a1384","resources":{"hostingSite":"elite-a1384"},"state":"ACTIVE"}
[info] 
[info] === Deploying to 'elite-a1384'...
[info] 
[info] i  deploying hosting 
[debug] [2022-06-17T14:25:37.926Z] >>> [apiv2][query] GET https://firebase.googleapis.com/v1beta1/projects/elite-a1384 [none]
[debug] [2022-06-17T14:25:59.361Z] Failed to make request to https://firebase.googleapis.com/v1beta1/projects/elite-a1384
[debug] [2022-06-17T14:26:20.955Z] FirebaseError: Failed to make request to https://firebase.googleapis.com/v1beta1/projects/elite-a1384
    at RetryOperation._fn (C:\Users\shaon\AppData\Roaming\npm\node_modules\firebase-tools\lib\apiv2.js:240:31)
    at processTicksAndRejections (node:internal/process/task_queues:96:5)
[error] 
[error] Error: Failed to get Firebase project elite-a1384. Please make sure the project exists and your account has permission to access it.
[debug] [2022-06-17T14:28:47.555Z] ----------------------------------------------------------------------
[debug] [2022-06-17T14:28:47.564Z] Command:       C:\Program Files\nodejs\node.exe C:\Users\shaon\AppData\Roaming\npm\node_modules\firebase-tools\lib\bin\firebase.js deploy
[debug] [2022-06-17T14:28:47.566Z] CLI Version:   11.0.1
[debug] [2022-06-17T14:28:47.567Z] Platform:      win32
[debug] [2022-06-17T14:28:47.568Z] Node Version:  v16.14.2
[debug] [2022-06-17T14:28:47.571Z] Time:          Fri Jun 17 2022 20:28:47 GMT+0600 (Bangladesh Standard Time)
[debug] [2022-06-17T14:28:47.573Z] ----------------------------------------------------------------------
[debug] 
[debug] [2022-06-17T14:28:47.931Z] > command requires scopes: ["email","openid","https://www.googleapis.com/auth/cloudplatformprojects.readonly","https://www.googleapis.com/auth/firebase","https://www.googleapis.com/auth/cloud-platform"]
[debug] [2022-06-17T14:28:47.932Z] > authorizing via signed-in user (ashiqur.dream@gmail.com)
[debug] [2022-06-17T14:28:47.933Z] [iam] checking project elite-a1384 for permissions ["firebase.projects.get","firebasehosting.sites.update"]
[debug] [2022-06-17T14:28:47.947Z] >>> [apiv2][query] POST https://cloudresourcemanager.googleapis.com/v1/projects/elite-a1384:testIamPermissions [none]
[debug] [2022-06-17T14:28:47.948Z] >>> [apiv2][body] POST https://cloudresourcemanager.googleapis.com/v1/projects/elite-a1384:testIamPermissions {"permissions":["firebase.projects.get","firebasehosting.sites.update"]}
[debug] [2022-06-17T14:28:49.605Z] <<< [apiv2][status] POST https://cloudresourcemanager.googleapis.com/v1/projects/elite-a1384:testIamPermissions 200
[debug] [2022-06-17T14:28:49.605Z] <<< [apiv2][body] POST https://cloudresourcemanager.googleapis.com/v1/projects/elite-a1384:testIamPermissions {"permissions":["firebase.projects.get","firebasehosting.sites.update"]}
[debug] [2022-06-17T14:28:49.608Z] >>> [apiv2][query] GET https://firebase.googleapis.com/v1beta1/projects/elite-a1384 [none]
[debug] [2022-06-17T14:29:11.054Z] Failed to make request to https://firebase.googleapis.com/v1beta1/projects/elite-a1384
[debug] [2022-06-17T14:29:11.330Z] FirebaseError: Failed to make request to https://firebase.googleapis.com/v1beta1/projects/elite-a1384
    at RetryOperation._fn (C:\Users\shaon\AppData\Roaming\npm\node_modules\firebase-tools\lib\apiv2.js:240:31)
    at processTicksAndRejections (node:internal/process/task_queues:96:5)
[error] 
[error] Error: Failed to get Firebase project elite-a1384. Please make sure the project exists and your account has permission to access it.
